
> glycocart@0.1.0 build
> next build

   ▲ Next.js 15.0.3
   - Environments: .env

   Creating an optimized production build ...
<w> [webpack.cache.PackFileCacheStrategy] Caching failed for pack: Error: Unable to snapshot resolve dependencies
<w> [webpack.cache.PackFileCacheStrategy] Caching failed for pack: Error: Unable to snapshot resolve dependencies
Failed to compile.

./src/app/globals.css.webpack[javascript/auto]!=!./node_modules/next/dist/build/webpack/loaders/css-loader/src/index.js??ruleSet[1].rules[13].oneOf[10].use[2]!./node_modules/next/dist/build/webpack/loaders/postcss-loader/src/index.js??ruleSet[1].rules[13].oneOf[10].use[3]!./src/app/globals.css
Error: EPERM: operation not permitted, stat '/Users/deepansadhukhan/package.json'
    at Object.statSync (node:fs:1737:25)
    at getPathType (/Users/deepansadhukhan/Documents/GitHub/glycocart/node_modules/browserslist/node.js:45:43)
    at isFile (/Users/deepansadhukhan/Documents/GitHub/glycocart/node_modules/browserslist/node.js:65:10)
    at /Users/deepansadhukhan/Documents/GitHub/glycocart/node_modules/browserslist/node.js:420:13
    at eachParent (/Users/deepansadhukhan/Documents/GitHub/glycocart/node_modules/browserslist/node.js:90:21)
    at Object.findConfigFile (/Users/deepansadhukhan/Documents/GitHub/glycocart/node_modules/browserslist/node.js:412:12)
    at Object.findConfig (/Users/deepansadhukhan/Documents/GitHub/glycocart/node_modules/browserslist/node.js:457:27)
    at Function.loadConfig (/Users/deepansadhukhan/Documents/GitHub/glycocart/node_modules/browserslist/node.js:323:37)
    at prepareQueries (/Users/deepansadhukhan/Documents/GitHub/glycocart/node_modules/browserslist/index.js:384:31)
    at browserslist (/Users/deepansadhukhan/Documents/GitHub/glycocart/node_modules/browserslist/index.js:408:13)

Import trace for requested module:
./src/app/globals.css.webpack[javascript/auto]!=!./node_modules/next/dist/build/webpack/loaders/css-loader/src/index.js??ruleSet[1].rules[13].oneOf[10].use[2]!./node_modules/next/dist/build/webpack/loaders/postcss-loader/src/index.js??ruleSet[1].rules[13].oneOf[10].use[3]!./src/app/globals.css
./src/app/globals.css

./src/app/globals.css
Error: EPERM: operation not permitted, stat '/Users/deepansadhukhan/package.json'
    at Object.statSync (node:fs:1737:25)
    at getPathType (/Users/deepansadhukhan/Documents/GitHub/glycocart/node_modules/browserslist/node.js:45:43)
    at isFile (/Users/deepansadhukhan/Documents/GitHub/glycocart/node_modules/browserslist/node.js:65:10)
    at /Users/deepansadhukhan/Documents/GitHub/glycocart/node_modules/browserslist/node.js:420:13
    at eachParent (/Users/deepansadhukhan/Documents/GitHub/glycocart/node_modules/browserslist/node.js:90:21)
    at Object.findConfigFile (/Users/deepansadhukhan/Documents/GitHub/glycocart/node_modules/browserslist/node.js:412:12)
    at Object.findConfig (/Users/deepansadhukhan/Documents/GitHub/glycocart/node_modules/browserslist/node.js:457:27)
    at Function.loadConfig (/Users/deepansadhukhan/Documents/GitHub/glycocart/node_modules/browserslist/node.js:323:37)
    at prepareQueries (/Users/deepansadhukhan/Documents/GitHub/glycocart/node_modules/browserslist/index.js:384:31)
    at browserslist (/Users/deepansadhukhan/Documents/GitHub/glycocart/node_modules/browserslist/index.js:408:13)
    at tryRunOrWebpackError (/Users/deepansadhukhan/Documents/GitHub/glycocart/node_modules/next/dist/compiled/webpack/bundle5.js:28:314951)
    at __webpack_require_module__ (/Users/deepansadhukhan/Documents/GitHub/glycocart/node_modules/next/dist/compiled/webpack/bundle5.js:28:131425)
    at __nested_webpack_require_161179__ (/Users/deepansadhukhan/Documents/GitHub/glycocart/node_modules/next/dist/compiled/webpack/bundle5.js:28:130863)
    at /Users/deepansadhukhan/Documents/GitHub/glycocart/node_modules/next/dist/compiled/webpack/bundle5.js:28:131714
    at symbolIterator (/Users/deepansadhukhan/Documents/GitHub/glycocart/node_modules/next/dist/compiled/neo-async/async.js:1:14444)
    at done (/Users/deepansadhukhan/Documents/GitHub/glycocart/node_modules/next/dist/compiled/neo-async/async.js:1:14824)
    at Hook.eval [as callAsync] (eval at create (/Users/deepansadhukhan/Documents/GitHub/glycocart/node_modules/next/dist/compiled/webpack/bundle5.js:13:9218), <anonymous>:15:1)
    at Hook.CALL_ASYNC_DELEGATE [as _callAsync] (/Users/deepansadhukhan/Documents/GitHub/glycocart/node_modules/next/dist/compiled/webpack/bundle5.js:13:6372)
    at /Users/deepansadhukhan/Documents/GitHub/glycocart/node_modules/next/dist/compiled/webpack/bundle5.js:28:130584
    at symbolIterator (/Users/deepansadhukhan/Documents/GitHub/glycocart/node_modules/next/dist/compiled/neo-async/async.js:1:14402)
-- inner error --
Error: EPERM: operation not permitted, stat '/Users/deepansadhukhan/package.json'
    at Object.statSync (node:fs:1737:25)
    at getPathType (/Users/deepansadhukhan/Documents/GitHub/glycocart/node_modules/browserslist/node.js:45:43)
    at isFile (/Users/deepansadhukhan/Documents/GitHub/glycocart/node_modules/browserslist/node.js:65:10)
    at /Users/deepansadhukhan/Documents/GitHub/glycocart/node_modules/browserslist/node.js:420:13
    at eachParent (/Users/deepansadhukhan/Documents/GitHub/glycocart/node_modules/browserslist/node.js:90:21)
    at Object.findConfigFile (/Users/deepansadhukhan/Documents/GitHub/glycocart/node_modules/browserslist/node.js:412:12)
    at Object.findConfig (/Users/deepansadhukhan/Documents/GitHub/glycocart/node_modules/browserslist/node.js:457:27)
    at Function.loadConfig (/Users/deepansadhukhan/Documents/GitHub/glycocart/node_modules/browserslist/node.js:323:37)
    at prepareQueries (/Users/deepansadhukhan/Documents/GitHub/glycocart/node_modules/browserslist/index.js:384:31)
    at browserslist (/Users/deepansadhukhan/Documents/GitHub/glycocart/node_modules/browserslist/index.js:408:13)
    at Object.<anonymous> (/Users/deepansadhukhan/Documents/GitHub/glycocart/node_modules/next/dist/build/webpack/loaders/css-loader/src/index.js??ruleSet[1].rules[13].oneOf[10].use[2]!/Users/deepansadhukhan/Documents/GitHub/glycocart/node_modules/next/dist/build/webpack/loaders/postcss-loader/src/index.js??ruleSet[1].rules[13].oneOf[10].use[3]!/Users/deepansadhukhan/Documents/GitHub/glycocart/src/app/globals.css:1:7)
    at /Users/deepansadhukhan/Documents/GitHub/glycocart/node_modules/next/dist/compiled/webpack/bundle5.js:28:955544
    at Hook.eval [as call] (eval at create (/Users/deepansadhukhan/Documents/GitHub/glycocart/node_modules/next/dist/compiled/webpack/bundle5.js:13:8996), <anonymous>:7:1)
    at Hook.CALL_DELEGATE [as _call] (/Users/deepansadhukhan/Documents/GitHub/glycocart/node_modules/next/dist/compiled/webpack/bundle5.js:13:6266)
    at /Users/deepansadhukhan/Documents/GitHub/glycocart/node_modules/next/dist/compiled/webpack/bundle5.js:28:131458
    at tryRunOrWebpackError (/Users/deepansadhukhan/Documents/GitHub/glycocart/node_modules/next/dist/compiled/webpack/bundle5.js:28:314905)
    at __webpack_require_module__ (/Users/deepansadhukhan/Documents/GitHub/glycocart/node_modules/next/dist/compiled/webpack/bundle5.js:28:131425)
    at __nested_webpack_require_161179__ (/Users/deepansadhukhan/Documents/GitHub/glycocart/node_modules/next/dist/compiled/webpack/bundle5.js:28:130863)
    at /Users/deepansadhukhan/Documents/GitHub/glycocart/node_modules/next/dist/compiled/webpack/bundle5.js:28:131714
    at symbolIterator (/Users/deepansadhukhan/Documents/GitHub/glycocart/node_modules/next/dist/compiled/neo-async/async.js:1:14444)

Generated code for /Users/deepansadhukhan/Documents/GitHub/glycocart/node_modules/next/dist/build/webpack/loaders/css-loader/src/index.js??ruleSet[1].rules[13].oneOf[10].use[2]!/Users/deepansadhukhan/Documents/GitHub/glycocart/node_modules/next/dist/build/webpack/loaders/postcss-loader/src/index.js??ruleSet[1].rules[13].oneOf[10].use[3]!/Users/deepansadhukhan/Documents/GitHub/glycocart/src/app/globals.css

Import trace for requested module:
./src/app/globals.css


> Build failed because of webpack errors
